d:\дані з попередньої os\диск d\desctop files\studying\2 сем\labs_oop\lab10\lab02\lab02\x64\debug\vc143.pdb
d:\дані з попередньої os\диск d\desctop files\studying\2 сем\labs_oop\lab10\lab02\lab02\x64\debug\.netframework,version=v4.7.2.assemblyattributes.obj
d:\дані з попередньої os\диск d\desctop files\studying\2 сем\labs_oop\lab10\lab02\lab02\x64\debug\vector.obj
d:\дані з попередньої os\диск d\desctop files\studying\2 сем\labs_oop\lab10\lab02\lab02\x64\debug\myform.obj
d:\дані з попередньої os\диск d\desctop files\studying\2 сем\labs_oop\lab10\lab02\lab02\x64\debug\array.obj
d:\дані з попередньої os\диск d\desctop files\studying\2 сем\labs_oop\lab10\lab02\lab02\x64\debug\myfraction.obj
d:\дані з попередньої os\диск d\desctop files\studying\2 сем\labs_oop\lab10\lab02\lab02\x64\debug\settemplate.obj
c:\users\hp_probook\source\repos\lab02\lab02\x64\debug\lab02.myform.resources
c:\users\hp_probook\source\repos\oop_lab05\lab02\lab02\x64\debug\lab02.myform.resources
d:\дані з попередньої os\диск d\desctop files\studying\2 сем\labs_oop\labs_3-5_oop\lab05\lab02\lab02\x64\debug\lab02.myform.resources
d:\дані з попередньої os\диск d\desctop files\studying\2 сем\labs_oop\lab06_new\lab02\lab02\x64\debug\lab02.myform.resources
d:\дані з попередньої os\диск d\desctop files\studying\2 сем\labs_oop\lab07\lab02\lab02\x64\debug\lab02.myform.resources
d:\дані з попередньої os\диск d\desctop files\studying\2 сем\labs_oop\lab09\lab02\lab02\x64\debug\lab02.myform.resources
d:\дані з попередньої os\диск d\desctop files\studying\2 сем\labs_oop\lab10\lab02\lab02\x64\debug\lab02.myform.resources
d:\дані з попередньої os\диск d\desctop files\studying\2 сем\labs_oop\lab10\lab02\x64\debug\lab02.exe
d:\дані з попередньої os\диск d\desctop files\studying\2 сем\labs_oop\lab10\lab02\x64\debug\lab02.pdb
d:\дані з попередньої os\диск d\desctop files\studying\2 сем\labs_oop\lab10\lab02\lab02\x64\debug\lab02.tlog\cl.command.1.tlog
d:\дані з попередньої os\диск d\desctop files\studying\2 сем\labs_oop\lab10\lab02\lab02\x64\debug\lab02.tlog\cl.read.1.tlog
d:\дані з попередньої os\диск d\desctop files\studying\2 сем\labs_oop\lab10\lab02\lab02\x64\debug\lab02.tlog\cl.write.1.tlog
d:\дані з попередньої os\диск d\desctop files\studying\2 сем\labs_oop\lab10\lab02\lab02\x64\debug\lab02.tlog\lab02.write.1u.tlog
d:\дані з попередньої os\диск d\desctop files\studying\2 сем\labs_oop\lab10\lab02\lab02\x64\debug\lab02.tlog\link.command.1.tlog
d:\дані з попередньої os\диск d\desctop files\studying\2 сем\labs_oop\lab10\lab02\lab02\x64\debug\lab02.tlog\link.read.1.tlog
d:\дані з попередньої os\диск d\desctop files\studying\2 сем\labs_oop\lab10\lab02\lab02\x64\debug\lab02.tlog\link.write.1.tlog
d:\дані з попередньої os\диск d\desctop files\studying\2 сем\labs_oop\lab10\lab02\lab02\x64\debug\lab02.tlog\metagen.read.1.tlog
d:\дані з попередньої os\диск d\desctop files\studying\2 сем\labs_oop\lab10\lab02\lab02\x64\debug\lab02.tlog\metagen.write.1.tlog
